C51 COMPILER V9.56.0.0   TIMER                                                             04/09/2019 08:34:28 PAGE 1   


C51 COMPILER V9.56.0.0, COMPILATION OF MODULE TIMER
OBJECT MODULE PLACED IN .\Objects\timer.obj
COMPILER INVOKED BY: D:\keil5\C51\BIN\C51.EXE timer.c OPTIMIZE(8,SPEED) BROWSE DEBUG OBJECTEXTEND PRINT(.\Listings\timer
                    -.lst) OBJECT(.\Objects\timer.obj)

line level    source

   1          #include "config.h"
   2          
   3          void init_Timer0()
   4          {
   5   1              TMOD=0x01;
   6   1              TH0=(65536-1000)/256;
   7   1              TL0=(65536-1000)%256;
   8   1              ET0=1;
   9   1              TR0=1;
  10   1      }
  11          
  12          extern uint msTime;
  13          extern uchar showtime;
  14          extern uchar show1;
  15          extern uchar check;
  16          extern uchar AA;
  17          extern xdata uchar soundmark[3];
  18          uchar second;
  19          extern uchar start;
  20          
  21          extern xdata uchar time;
  22          
  23          
  24          void Timer0_handel() interrupt 1
  25          {
  26   1              TH0=(65536-1000)/256;
  27   1              TL0=(65536-1000)%256;
  28   1              
  29   1              showtime++;
  30   1              if(showtime>15)showtime=0;
  31   1              show_yinbiao(show1);
  32   1              
  33   1              msTime++;
  34   1              if(msTime>1000)
  35   1              {
  36   2                      msTime=0;
  37   2                      if(check!=0)
  38   2                      {
  39   3                              second++;
  40   3                              if(second>5)
  41   3                              {
  42   4                                      soundmark[0]=0;
  43   4                                      soundmark[1]=0;
  44   4                                      soundmark[2]=0;
  45   4                                      check=0;
  46   4                                      start=0;
  47   4                                      ES=1;
  48   4                                      AA = 1;
  49   4                              }
  50   3                      }
  51   2                      if(start==1)
  52   2                      {
  53   3                              time--;
  54   3                              if(time==0)
C51 COMPILER V9.56.0.0   TIMER                                                             04/09/2019 08:34:28 PAGE 2   

  55   3                              {
  56   4                                      
  57   4                                      check=2;
  58   4                                      start=0;
  59   4                                      ES=1;
  60   4                              }       
  61   3                      }
  62   2                      
  63   2                      
  64   2              }
  65   1              
  66   1      }


MODULE INFORMATION:   STATIC OVERLAYABLE
   CODE SIZE        =    168    ----
   CONSTANT SIZE    =   ----    ----
   XDATA SIZE       =   ----    ----
   PDATA SIZE       =   ----    ----
   DATA SIZE        =      1    ----
   IDATA SIZE       =   ----    ----
   BIT SIZE         =   ----    ----
END OF MODULE INFORMATION.


C51 COMPILATION COMPLETE.  0 WARNING(S),  0 ERROR(S)
