C51 COMPILER V9.56.0.0   ADC                                                               04/09/2019 04:25:37 PAGE 1   


C51 COMPILER V9.56.0.0, COMPILATION OF MODULE ADC
OBJECT MODULE PLACED IN .\Objects\ADC.obj
COMPILER INVOKED BY: D:\keil5\C51\BIN\C51.EXE ADC.c OPTIMIZE(8,SPEED) BROWSE DEBUG OBJECTEXTEND PRINT(.\Listings\ADC.lst
                    -) OBJECT(.\Objects\ADC.obj)

line level    source

   1          #include "config.h"
   2          
   3          
   4          void InitADC()
   5          {
   6   1              P1M0=0x00;
   7   1              P1M1=0x00;
   8   1          P1ASF = 0xff;                   //设置P1口为AD口
   9   1          ADC_RES = 0;                    //清除结果寄存器
  10   1          ADC_CONTR = ADC_POWER | ADC_SPEEDLL;
  11   1          delay_ms(2);                       //ADC上电并延时
  12   1      }
  13          
  14          
  15          uchar get_ADC_Result(uchar ch)
  16          {
  17   1          ADC_CONTR = ADC_POWER | ADC_SPEEDLL | ch | ADC_START;
  18   1          _nop_();                        //等待4个NOP
  19   1          _nop_();
  20   1          _nop_();
  21   1          _nop_();
  22   1          while (!(ADC_CONTR & ADC_FLAG));//等待ADC转换完成
  23   1          ADC_CONTR &= ~ADC_FLAG;         //Close ADC
  24   1              
  25   1              delay_ms(5);
  26   1      
  27   1          return ADC_RES;                 //返回ADC结果
  28   1      }
  29          
  30          uchar  tongdao[2][5];
  31          //={
  32          ////0xff,0xff,0xff,0xff,0xff,
  33          ////0xff,0xff,0xff,0xff,0xff
  34          //};
  35          
  36          
  37          uchar check_AD()
  38          {       
  39   1              uchar xdata s1=0;
  40   1              uchar xdata s2=0;
  41   1              uchar xdata err;
  42   1              uchar xdata i;
  43   1              for(i=0;i<4;i++)
  44   1              {
  45   2                      tongdao[0][i]=tongdao[0][i+1];
  46   2                      tongdao[1][i]=tongdao[1][i+1];
  47   2              }
  48   1              tongdao[0][4]=get_ADC_Result(1);
  49   1              tongdao[1][4]=get_ADC_Result(2);
  50   1              
  51   1              for(i=0;i<5;i++)
  52   1              {
  53   2                      if(tongdao[0][i]<100)s1++;
  54   2                      if(tongdao[1][i]<100)s2++;
C51 COMPILER V9.56.0.0   ADC                                                               04/09/2019 04:25:37 PAGE 2   

  55   2              }
  56   1              err=0;
  57   1              if(s1>=3)
  58   1              {
  59   2                      err+=1;
  60   2              }
  61   1              if(s2>=3)
  62   1              {
  63   2                      err+=2;
  64   2              }
  65   1      
  66   1      //      for(i=0;i<5;i++)
  67   1      //      {
  68   1      //              printNum(tongdao[0][i]);
  69   1      //              uart_print("  ");
  70   1      //              printNum(tongdao[1][i]);
  71   1      //              uart_print("  ");
  72   1      //      }
  73   1              
  74   1              return err;
  75   1      }
  76          
  77          
  78          
  79          
  80          
  81          
  82          
  83          
  84          
  85          
  86          
  87          
  88          


MODULE INFORMATION:   STATIC OVERLAYABLE
   CODE SIZE        =    205    ----
   CONSTANT SIZE    =   ----    ----
   XDATA SIZE       =   ----       4
   PDATA SIZE       =   ----    ----
   DATA SIZE        =     10    ----
   IDATA SIZE       =   ----    ----
   BIT SIZE         =   ----    ----
END OF MODULE INFORMATION.


C51 COMPILATION COMPLETE.  0 WARNING(S),  0 ERROR(S)
