C51 COMPILER V9.56.0.0   DELAY                                                             04/09/2019 04:25:36 PAGE 1   


C51 COMPILER V9.56.0.0, COMPILATION OF MODULE DELAY
OBJECT MODULE PLACED IN .\Objects\delay.obj
COMPILER INVOKED BY: D:\keil5\C51\BIN\C51.EXE delay.c OPTIMIZE(8,SPEED) BROWSE DEBUG OBJECTEXTEND PRINT(.\Listings\delay
                    -.lst) OBJECT(.\Objects\delay.obj)

line level    source

   1          #include "config.h"
   2          
   3          void delay_ms(uint i)
   4          {
   5   1              uint j;
   6   1              while(i--)
   7   1              {
   8   2                      for(j=0;j<125*4;j++)
   9   2                      {
  10   3                              ;
  11   3                      }
  12   2              }
  13   1      }
  14          
  15          void delay_us(uint i)
  16          {
  17   1              while(i--);
  18   1      }


MODULE INFORMATION:   STATIC OVERLAYABLE
   CODE SIZE        =     41    ----
   CONSTANT SIZE    =   ----    ----
   XDATA SIZE       =   ----    ----
   PDATA SIZE       =   ----    ----
   DATA SIZE        =   ----    ----
   IDATA SIZE       =   ----    ----
   BIT SIZE         =   ----    ----
END OF MODULE INFORMATION.


C51 COMPILATION COMPLETE.  0 WARNING(S),  0 ERROR(S)
